<?xml version="1.0" encoding="UTF-8"?>
<testng-results total="1" passed="1" failed="0" skipped="0">
  <reporter-output>
  </reporter-output>
  <suite started-at="2020-05-10T20:21:08Z" name="Default suite" finished-at="2020-05-10T20:21:32Z" duration-ms="24289">
    <groups>
    </groups>
    <test started-at="2020-05-10T20:21:08Z" name="Default test" finished-at="2020-05-10T20:21:32Z" duration-ms="24289">
      <class name="com.sample.qa.testcases.ControlGroupTest">
        <test-method is-config="true" signature="setup()[pri:0, instance:com.sample.qa.testcases.ControlGroupTest@534df152]" started-at="2020-05-11T01:51:08Z" name="setup" finished-at="2020-05-11T01:51:30Z" duration-ms="22592" status="PASS">
          <reporter-output>
          </reporter-output>
        </test-method> <!-- setup -->
        <test-method signature="carBooking()[pri:0, instance:com.sample.qa.testcases.ControlGroupTest@534df152]" started-at="2020-05-11T01:51:30Z" name="carBooking" finished-at="2020-05-11T01:51:32Z" duration-ms="1675" status="PASS">
          <reporter-output>
          </reporter-output>
        </test-method> <!-- carBooking -->
      </class> <!-- com.sample.qa.testcases.ControlGroupTest -->
    </test> <!-- Default test -->
  </suite> <!-- Default suite -->
</testng-results>
