# JRE version: Java(TM) SE Runtime Environment (14.0.1+7) (build 14.0.1+7)
# Java VM: Java HotSpot(TM) 64-Bit Server VM (14.0.1+7, mixed mode, sharing, tiered, compressed oops, g1 gc, windows-amd64)
Heap:
 garbage-first heap   total 69632K, used 20090K [0x0000000081600000, 0x0000000100000000)
  region size 1024K, 1 young (1024K), 1 survivors (1024K)
 Metaspace       used 31898K, capacity 32501K, committed 32640K, reserved 1085440K
  class space    used 3605K, capacity 3874K, committed 3968K, reserved 1048576K
GC Heap History (20 events):
Event: 33.196 GC heap before
{Heap before GC invocations=19 (full 0):
 garbage-first heap   total 69632K, used 35338K [0x0000000081600000, 0x0000000100000000)
  region size 1024K, 5 young (5120K), 1 survivors (1024K)
 Metaspace       used 31668K, capacity 32355K, committed 32640K, reserved 1077248K
  class space    used 3604K, capacity 3872K, committed 3968K, reserved 1048576K
}
Event: 33.200 GC heap after
{Heap after GC invocations=20 (full 0):
 garbage-first heap   total 69632K, used 22060K [0x0000000081600000, 0x0000000100000000)
  region size 1024K, 1 young (1024K), 1 survivors (1024K)
 Metaspace       used 31668K, capacity 32355K, committed 32640K, reserved 1077248K
  class space    used 3604K, capacity 3872K, committed 3968K, reserved 1048576K
}
Event: 33.502 GC heap before
{Heap before GC invocations=21 (full 0):
 garbage-first heap   total 69632K, used 33324K [0x0000000081600000, 0x0000000100000000)
  region size 1024K, 3 young (3072K), 1 survivors (1024K)
 Metaspace       used 31680K, capacity 32355K, committed 32640K, reserved 1077248K
  class space    used 3604K, capacity 3872K, committed 3968K, reserved 1048576K
}
Event: 33.507 GC heap after
{Heap after GC invocations=22 (full 0):
 garbage-first heap   total 69632K, used 19968K [0x0000000081600000, 0x0000000100000000)
  region size 1024K, 1 young (1024K), 1 survivors (1024K)
 Metaspace       used 31680K, capacity 32355K, committed 32640K, reserved 1077248K
  class space    used 3604K, capacity 3872K, committed 3968K, reserved 1048576K
}
Event: 34.189 GC heap before
{Heap before GC invocations=23 (full 0):
 garbage-first heap   total 69632K, used 34304K [0x0000000081600000, 0x0000000100000000)
  region size 1024K, 4 young (4096K), 1 survivors (1024K)
 Metaspace       used 31723K, capacity 32355K, committed 32640K, reserved 1077248K
  class space    used 3604K, capacity 3872K, committed 3968K, reserved 1048576K
}
Event: 34.192 GC heap after
{Heap after GC invocations=24 (full 0):
 garbage-first heap   total 69632K, used 19977K [0x0000000081600000, 0x0000000100000000)
  region size 1024K, 1 young (1024K), 1 survivors (1024K)
 Metaspace       used 31723K, capacity 32355K, committed 32640K, reserved 1077248K
  class space    used 3604K, capacity 3872K, committed 3968K, reserved 1048576K
}
Event: 34.480 GC heap before
{Heap before GC invocations=25 (full 0):
 garbage-first heap   total 69632K, used 33289K [0x0000000081600000, 0x0000000100000000)
  region size 1024K, 3 young (3072K), 1 survivors (1024K)
 Metaspace       used 31735K, capacity 32419K, committed 32640K, reserved 1077248K
  class space    used 3604K, capacity 3872K, committed 3968K, reserved 1048576K
}
Event: 34.483 GC heap after
{Heap after GC invocations=26 (full 0):
 garbage-first heap   total 69632K, used 19978K [0x0000000081600000, 0x0000000100000000)
  region size 1024K, 1 young (1024K), 1 survivors (1024K)
 Metaspace       used 31735K, capacity 32419K, committed 32640K, reserved 1077248K
  class space    used 3604K, capacity 3872K, committed 3968K, reserved 1048576K
}
Event: 35.167 GC heap before
{Heap before GC invocations=27 (full 0):
 garbage-first heap   total 69632K, used 34314K [0x0000000081600000, 0x0000000100000000)
  region size 1024K, 4 young (4096K), 1 survivors (1024K)
 Metaspace       used 31762K, capacity 32419K, committed 32640K, reserved 1077248K
  class space    used 3604K, capacity 3872K, committed 3968K, reserved 1048576K
}
Event: 35.174 GC heap after
{Heap after GC invocations=28 (full 0):
 garbage-first heap   total 69632K, used 19984K [0x0000000081600000, 0x0000000100000000)
  region size 1024K, 1 young (1024K), 1 survivors (1024K)
 Metaspace       used 31762K, capacity 32419K, committed 32640K, reserved 1077248K
  class space    used 3604K, capacity 3872K, committed 3968K, reserved 1048576K
}
Event: 35.464 GC heap before
{Heap before GC invocations=29 (full 0):
 garbage-first heap   total 69632K, used 34320K [0x0000000081600000, 0x0000000100000000)
  region size 1024K, 4 young (4096K), 1 survivors (1024K)
 Metaspace       used 31765K, capacity 32419K, committed 32640K, reserved 1077248K
  class space    used 3604K, capacity 3872K, committed 3968K, reserved 1048576K
}
Event: 35.466 GC heap after
{Heap after GC invocations=30 (full 0):
 garbage-first heap   total 69632K, used 20001K [0x0000000081600000, 0x0000000100000000)
  region size 1024K, 1 young (1024K), 1 survivors (1024K)
 Metaspace       used 31765K, capacity 32419K, committed 32640K, reserved 1077248K
  class space    used 3604K, capacity 3872K, committed 3968K, reserved 1048576K
}
Event: 35.924 GC heap before
{Heap before GC invocations=31 (full 0):
 garbage-first heap   total 69632K, used 33313K [0x0000000081600000, 0x0000000100000000)
  region size 1024K, 3 young (3072K), 1 survivors (1024K)
 Metaspace       used 31772K, capacity 32419K, committed 32640K, reserved 1077248K
  class space    used 3604K, capacity 3872K, committed 3968K, reserved 1048576K
}
Event: 35.926 GC heap after
{Heap after GC invocations=32 (full 0):
 garbage-first heap   total 69632K, used 19962K [0x0000000081600000, 0x0000000100000000)
  region size 1024K, 1 young (1024K), 1 survivors (1024K)
 Metaspace       used 31772K, capacity 32419K, committed 32640K, reserved 1077248K
  class space    used 3604K, capacity 3872K, committed 3968K, reserved 1048576K
}
Event: 36.418 GC heap before
{Heap before GC invocations=33 (full 0):
 garbage-first heap   total 69632K, used 33274K [0x0000000081600000, 0x0000000100000000)
  region size 1024K, 3 young (3072K), 1 survivors (1024K)
 Metaspace       used 31781K, capacity 32419K, committed 32640K, reserved 1077248K
  class space    used 3604K, capacity 3872K, committed 3968K, reserved 1048576K
}
Event: 36.422 GC heap after
{Heap after GC invocations=34 (full 0):
 garbage-first heap   total 69632K, used 19963K [0x0000000081600000, 0x0000000100000000)
  region size 1024K, 1 young (1024K), 1 survivors (1024K)
 Metaspace       used 31781K, capacity 32419K, committed 32640K, reserved 1077248K
  class space    used 3604K, capacity 3872K, committed 3968K, reserved 1048576K
}
Event: 36.937 GC heap before
{Heap before GC invocations=35 (full 0):
 garbage-first heap   total 69632K, used 34299K [0x0000000081600000, 0x0000000100000000)
  region size 1024K, 4 young (4096K), 1 survivors (1024K)
 Metaspace       used 31789K, capacity 32419K, committed 32640K, reserved 1077248K
  class space    used 3604K, capacity 3872K, committed 3968K, reserved 1048576K
}
Event: 36.939 GC heap after
{Heap after GC invocations=36 (full 0):
 garbage-first heap   total 69632K, used 19995K [0x0000000081600000, 0x0000000100000000)
  region size 1024K, 1 young (1024K), 1 survivors (1024K)
 Metaspace       used 31789K, capacity 32419K, committed 32640K, reserved 1077248K
  class space    used 3604K, capacity 3872K, committed 3968K, reserved 1048576K
}
Event: 37.299 GC heap before
{Heap before GC invocations=37 (full 0):
 garbage-first heap   total 69632K, used 28187K [0x0000000081600000, 0x0000000100000000)
  region size 1024K, 6 young (6144K), 1 survivors (1024K)
 Metaspace       used 31898K, capacity 32501K, committed 32640K, reserved 1083392K
  class space    used 3605K, capacity 3874K, committed 3968K, reserved 1048576K
}
Event: 37.301 GC heap after
{Heap after GC invocations=38 (full 0):
 garbage-first heap   total 69632K, used 20090K [0x0000000081600000, 0x0000000100000000)
  region size 1024K, 1 young (1024K), 1 survivors (1024K)
 Metaspace       used 31898K, capacity 32501K, committed 32640K, reserved 1083392K
  class space    used 3605K, capacity 3874K, committed 3968K, reserved 1048576K
}

