<?xml version="1.0" encoding="UTF-8"?>
<!-- Generated by org.testng.reporters.JUnitXMLReporter -->
<testsuite hostname="LAPTOP-TBD1J5HK" failures="0" tests="5" name="Demo QA Test cases" time="70.95" errors="0" timestamp="11 May 2020 17:23:11 GMT">
  <testcase classname="com.sample.qa.testcases.SelectPageTest" name="SelectItemsTest" time="0.832"/>
  <testcase classname="com.sample.qa.testcases.DropPageTest" name="DragAndDropTest" time="1.305"/>
  <testcase classname="com.sample.qa.testcases.DatePickerTest" name="SelectItemsTest" time="1.291"/>
  <testcase classname="com.sample.qa.testcases.ContactPageTest" name="SelectItemsTest" time="4.525"/>
  <testcase classname="com.sample.qa.testcases.ControlGroupTest" name="carBooking" time="1.739"/>
</testsuite> <!-- Demo QA Test cases -->
